<?xml version="1.0" encoding="UTF-8"?>
<testng-results skipped="0" failed="0" ignored="0" total="1" passed="1">
  <reporter-output>
  </reporter-output>
  <suite name="Suite" duration-ms="12614" started-at="2019-11-21T07:20:45Z" finished-at="2019-11-21T07:20:58Z">
    <groups>
    </groups>
    <test name="Test" duration-ms="12614" started-at="2019-11-21T07:20:45Z" finished-at="2019-11-21T07:20:58Z">
      <class name="com.la.TestRunner.TestRunner">
        <test-method status="PASS" signature="setUpCass()[pri:0, instance:com.la.TestRunner.TestRunner@39c0f4a]" name="setUpCass" is-config="true" duration-ms="198" started-at="2019-11-21T12:50:45Z" finished-at="2019-11-21T12:50:46Z">
          <reporter-output>
          </reporter-output>
        </test-method> <!-- setUpCass -->
        <test-method status="PASS" signature="feature(cucumber.api.testng.CucumberFeatureWrapper)[pri:0, instance:com.la.TestRunner.TestRunner@39c0f4a]" name="feature" duration-ms="12137" started-at="2019-11-21T12:50:46Z" data-provider="features" finished-at="2019-11-21T12:50:58Z">
          <params>
            <param index="0">
              <value>
                <![CDATA[Login Functionality]]>
              </value>
            </param>
          </params>
          <reporter-output>
          </reporter-output>
        </test-method> <!-- feature -->
        <test-method status="PASS" signature="tearDown()[pri:0, instance:com.la.TestRunner.TestRunner@39c0f4a]" name="tearDown" is-config="true" duration-ms="80" started-at="2019-11-21T12:50:58Z" finished-at="2019-11-21T12:50:58Z">
          <reporter-output>
          </reporter-output>
        </test-method> <!-- tearDown -->
      </class> <!-- com.la.TestRunner.TestRunner -->
    </test> <!-- Test -->
  </suite> <!-- Suite -->
</testng-results>
